# JRE version: OpenJDK Runtime Environment GraalVM CE 22.3.0 (17.0.5+8) (build 17.0.5+8-jvmci-22.3-b08)
# Java VM: OpenJDK 64-Bit Server VM GraalVM CE 22.3.0 (17.0.5+8-jvmci-22.3-b08, mixed mode, sharing, tiered, jvmci, jvmci compiler, compressed oops, compressed class ptrs, parallel gc, linux-amd64)
GC Precious Log:
 CPUs: 8 total, 1 available
 Memory: 1024M
 Large Page Support: Disabled
 NUMA Support: Disabled
 Compressed Oops: Enabled (32-bit)
 Alignments: Space 512K, Generation 512K, Heap 2M
 Heap Min Capacity: 100M
 Heap Initial Capacity: 100M
 Heap Max Capacity: 512M
 Pre-touch: Disabled
 Parallel Workers: 1
Heap:
 PSYoungGen      total 95232K, used 49664K [0x00000000f5580000, 0x00000000fe400000, 0x0000000100000000)
  eden space 49664K, 100% used [0x00000000f5580000,0x00000000f8600000,0x00000000f8600000)
  from space 45568K, 0% used [0x00000000fb780000,0x00000000fb780000,0x00000000fe400000)
  to   space 24576K, 0% used [0x00000000f8600000,0x00000000f8600000,0x00000000f9e00000)
 ParOldGen       total 349696K, used 349696K [0x00000000e0000000, 0x00000000f5580000, 0x00000000f5580000)
  object space 349696K, 100% used [0x00000000e0000000,0x00000000f5580000,0x00000000f5580000)
 Metaspace       used 54777K, committed 55808K, reserved 1105920K
  class space    used 5255K, committed 5696K, reserved 1048576K
GC Heap History (20 events):
Event: 1411.682 GC heap before
{Heap before GC invocations=962 (full 850):
 PSYoungGen      total 95232K, used 49663K [0x00000000f5580000, 0x00000000fe400000, 0x0000000100000000)
  eden space 49664K, 99% used [0x00000000f5580000,0x00000000f85ffff8,0x00000000f8600000)
  from space 45568K, 0% used [0x00000000fb780000,0x00000000fb780000,0x00000000fe400000)
  to   space 24576K, 0% used [0x00000000f8600000,0x00000000f8600000,0x00000000f9e00000)
 ParOldGen       total 349696K, used 349690K [0x00000000e0000000, 0x00000000f5580000, 0x00000000f5580000)
  object space 349696K, 99% used [0x00000000e0000000,0x00000000f557e938,0x00000000f5580000)
 Metaspace       used 54777K, committed 55808K, reserved 1105920K
  class space    used 5255K, committed 5696K, reserved 1048576K
}
Event: 1413.348 GC heap after
{Heap after GC invocations=962 (full 850):
 PSYoungGen      total 74240K, used 49663K [0x00000000f5580000, 0x00000000fe400000, 0x0000000100000000)
  eden space 49664K, 99% used [0x00000000f5580000,0x00000000f85fffd8,0x00000000f8600000)
  from space 24576K, 0% used [0x00000000f8600000,0x00000000f8600000,0x00000000f9e00000)
  to   space 45568K, 0% used [0x00000000fb780000,0x00000000fb780000,0x00000000fe400000)
 ParOldGen       total 349696K, used 349689K [0x00000000e0000000, 0x00000000f5580000, 0x00000000f5580000)
  object space 349696K, 99% used [0x00000000e0000000,0x00000000f557e668,0x00000000f5580000)
 Metaspace       used 54777K, committed 55808K, reserved 1105920K
  class space    used 5255K, committed 5696K, reserved 1048576K
}
Event: 1413.348 GC heap before
{Heap before GC invocations=963 (full 851):
 PSYoungGen      total 74240K, used 49663K [0x00000000f5580000, 0x00000000fe400000, 0x0000000100000000)
  eden space 49664K, 99% used [0x00000000f5580000,0x00000000f85ffff0,0x00000000f8600000)
  from space 24576K, 0% used [0x00000000f8600000,0x00000000f8600000,0x00000000f9e00000)
  to   space 45568K, 0% used [0x00000000fb780000,0x00000000fb780000,0x00000000fe400000)
 ParOldGen       total 349696K, used 349689K [0x00000000e0000000, 0x00000000f5580000, 0x00000000f5580000)
  object space 349696K, 99% used [0x00000000e0000000,0x00000000f557e668,0x00000000f5580000)
 Metaspace       used 54777K, committed 55808K, reserved 1105920K
  class space    used 5255K, committed 5696K, reserved 1048576K
}
Event: 1414.980 GC heap after
{Heap after GC invocations=963 (full 851):
 PSYoungGen      total 95232K, used 49663K [0x00000000f5580000, 0x00000000fe400000, 0x0000000100000000)
  eden space 49664K, 99% used [0x00000000f5580000,0x00000000f85ffff0,0x00000000f8600000)
  from space 45568K, 0% used [0x00000000fb780000,0x00000000fb780000,0x00000000fe400000)
  to   space 24576K, 0% used [0x00000000f8600000,0x00000000f8600000,0x00000000f9e00000)
 ParOldGen       total 349696K, used 349689K [0x00000000e0000000, 0x00000000f5580000, 0x00000000f5580000)
  object space 349696K, 99% used [0x00000000e0000000,0x00000000f557e668,0x00000000f5580000)
 Metaspace       used 54777K, committed 55808K, reserved 1105920K
  class space    used 5255K, committed 5696K, reserved 1048576K
}
Event: 1414.980 GC heap before
{Heap before GC invocations=964 (full 852):
 PSYoungGen      total 95232K, used 49664K [0x00000000f5580000, 0x00000000fe400000, 0x0000000100000000)
  eden space 49664K, 100% used [0x00000000f5580000,0x00000000f8600000,0x00000000f8600000)
  from space 45568K, 0% used [0x00000000fb780000,0x00000000fb780000,0x00000000fe400000)
  to   space 24576K, 0% used [0x00000000f8600000,0x00000000f8600000,0x00000000f9e00000)
 ParOldGen       total 349696K, used 349694K [0x00000000e0000000, 0x00000000f5580000, 0x00000000f5580000)
  object space 349696K, 99% used [0x00000000e0000000,0x00000000f557fb58,0x00000000f5580000)
 Metaspace       used 54777K, committed 55808K, reserved 1105920K
  class space    used 5255K, committed 5696K, reserved 1048576K
}
Event: 1416.648 GC heap after
{Heap after GC invocations=964 (full 852):
 PSYoungGen      total 74240K, used 49663K [0x00000000f5580000, 0x00000000fe400000, 0x0000000100000000)
  eden space 49664K, 99% used [0x00000000f5580000,0x00000000f85ffff0,0x00000000f8600000)
  from space 24576K, 0% used [0x00000000f8600000,0x00000000f8600000,0x00000000f9e00000)
  to   space 45568K, 0% used [0x00000000fb780000,0x00000000fb780000,0x00000000fe400000)
 ParOldGen       total 349696K, used 349693K [0x00000000e0000000, 0x00000000f5580000, 0x00000000f5580000)
  object space 349696K, 99% used [0x00000000e0000000,0x00000000f557f620,0x00000000f5580000)
 Metaspace       used 54777K, committed 55808K, reserved 1105920K
  class space    used 5255K, committed 5696K, reserved 1048576K
}
Event: 1416.649 GC heap before
{Heap before GC invocations=965 (full 853):
 PSYoungGen      total 74240K, used 49663K [0x00000000f5580000, 0x00000000fe400000, 0x0000000100000000)
  eden space 49664K, 99% used [0x00000000f5580000,0x00000000f85ffff0,0x00000000f8600000)
  from space 24576K, 0% used [0x00000000f8600000,0x00000000f8600000,0x00000000f9e00000)
  to   space 45568K, 0% used [0x00000000fb780000,0x00000000fb780000,0x00000000fe400000)
 ParOldGen       total 349696K, used 349695K [0x00000000e0000000, 0x00000000f5580000, 0x00000000f5580000)
  object space 349696K, 99% used [0x00000000e0000000,0x00000000f557fff0,0x00000000f5580000)
 Metaspace       used 54777K, committed 55808K, reserved 1105920K
  class space    used 5255K, committed 5696K, reserved 1048576K
}
Event: 1418.362 GC heap after
{Heap after GC invocations=965 (full 853):
 PSYoungGen      total 95232K, used 49663K [0x00000000f5580000, 0x00000000fe400000, 0x0000000100000000)
  eden space 49664K, 99% used [0x00000000f5580000,0x00000000f85fff78,0x00000000f8600000)
  from space 45568K, 0% used [0x00000000fb780000,0x00000000fb780000,0x00000000fe400000)
  to   space 24576K, 0% used [0x00000000f8600000,0x00000000f8600000,0x00000000f9e00000)
 ParOldGen       total 349696K, used 349694K [0x00000000e0000000, 0x00000000f5580000, 0x00000000f5580000)
  object space 349696K, 99% used [0x00000000e0000000,0x00000000f557fb60,0x00000000f5580000)
 Metaspace       used 54777K, committed 55808K, reserved 1105920K
  class space    used 5255K, committed 5696K, reserved 1048576K
}
Event: 1418.364 GC heap before
{Heap before GC invocations=966 (full 854):
 PSYoungGen      total 95232K, used 49663K [0x00000000f5580000, 0x00000000fe400000, 0x0000000100000000)
  eden space 49664K, 99% used [0x00000000f5580000,0x00000000f85ffff0,0x00000000f8600000)
  from space 45568K, 0% used [0x00000000fb780000,0x00000000fb780000,0x00000000fe400000)
  to   space 24576K, 0% used [0x00000000f8600000,0x00000000f8600000,0x00000000f9e00000)
 ParOldGen       total 349696K, used 349694K [0x00000000e0000000, 0x00000000f5580000, 0x00000000f5580000)
  object space 349696K, 99% used [0x00000000e0000000,0x00000000f557fb60,0x00000000f5580000)
 Metaspace       used 54777K, committed 55808K, reserved 1105920K
  class space    used 5255K, committed 5696K, reserved 1048576K
}
Event: 1419.888 GC heap after
{Heap after GC invocations=966 (full 854):
 PSYoungGen      total 74240K, used 49663K [0x00000000f5580000, 0x00000000fe400000, 0x0000000100000000)
  eden space 49664K, 99% used [0x00000000f5580000,0x00000000f85fffa8,0x00000000f8600000)
  from space 24576K, 0% used [0x00000000f8600000,0x00000000f8600000,0x00000000f9e00000)
  to   space 45568K, 0% used [0x00000000fb780000,0x00000000fb780000,0x00000000fe400000)
 ParOldGen       total 349696K, used 349692K [0x00000000e0000000, 0x00000000f5580000, 0x00000000f5580000)
  object space 349696K, 99% used [0x00000000e0000000,0x00000000f557f2e0,0x00000000f5580000)
 Metaspace       used 54777K, committed 55808K, reserved 1105920K
  class space    used 5255K, committed 5696K, reserved 1048576K
}
Event: 1419.888 GC heap before
{Heap before GC invocations=967 (full 855):
 PSYoungGen      total 74240K, used 49663K [0x00000000f5580000, 0x00000000fe400000, 0x0000000100000000)
  eden space 49664K, 99% used [0x00000000f5580000,0x00000000f85fffd8,0x00000000f8600000)
  from space 24576K, 0% used [0x00000000f8600000,0x00000000f8600000,0x00000000f9e00000)
  to   space 45568K, 0% used [0x00000000fb780000,0x00000000fb780000,0x00000000fe400000)
 ParOldGen       total 349696K, used 349692K [0x00000000e0000000, 0x00000000f5580000, 0x00000000f5580000)
  object space 349696K, 99% used [0x00000000e0000000,0x00000000f557f2e0,0x00000000f5580000)
 Metaspace       used 54777K, committed 55808K, reserved 1105920K
  class space    used 5255K, committed 5696K, reserved 1048576K
}
Event: 1421.585 GC heap after
{Heap after GC invocations=967 (full 855):
 PSYoungGen      total 95232K, used 49663K [0x00000000f5580000, 0x00000000fe400000, 0x0000000100000000)
  eden space 49664K, 99% used [0x00000000f5580000,0x00000000f85fffd8,0x00000000f8600000)
  from space 45568K, 0% used [0x00000000fb780000,0x00000000fb780000,0x00000000fe400000)
  to   space 24576K, 0% used [0x00000000f8600000,0x00000000f8600000,0x00000000f9e00000)
 ParOldGen       total 349696K, used 349692K [0x00000000e0000000, 0x00000000f5580000, 0x00000000f5580000)
  object space 349696K, 99% used [0x00000000e0000000,0x00000000f557f2e0,0x00000000f5580000)
 Metaspace       used 54777K, committed 55808K, reserved 1105920K
  class space    used 5255K, committed 5696K, reserved 1048576K
}
Event: 1421.586 GC heap before
{Heap before GC invocations=968 (full 856):
 PSYoungGen      total 95232K, used 49664K [0x00000000f5580000, 0x00000000fe400000, 0x0000000100000000)
  eden space 49664K, 100% used [0x00000000f5580000,0x00000000f8600000,0x00000000f8600000)
  from space 45568K, 0% used [0x00000000fb780000,0x00000000fb780000,0x00000000fe400000)
  to   space 24576K, 0% used [0x00000000f8600000,0x00000000f8600000,0x00000000f9e00000)
 ParOldGen       total 349696K, used 349694K [0x00000000e0000000, 0x00000000f5580000, 0x00000000f5580000)
  object space 349696K, 99% used [0x00000000e0000000,0x00000000f557f840,0x00000000f5580000)
 Metaspace       used 54777K, committed 55808K, reserved 1105920K
  class space    used 5255K, committed 5696K, reserved 1048576K
}
Event: 1423.155 GC heap after
{Heap after GC invocations=968 (full 856):
 PSYoungGen      total 74240K, used 49663K [0x00000000f5580000, 0x00000000fe400000, 0x0000000100000000)
  eden space 49664K, 99% used [0x00000000f5580000,0x00000000f85fff78,0x00000000f8600000)
  from space 24576K, 0% used [0x00000000f8600000,0x00000000f8600000,0x00000000f9e00000)
  to   space 45568K, 0% used [0x00000000fb780000,0x00000000fb780000,0x00000000fe400000)
 ParOldGen       total 349696K, used 349692K [0x00000000e0000000, 0x00000000f5580000, 0x00000000f5580000)
  object space 349696K, 99% used [0x00000000e0000000,0x00000000f557f0d0,0x00000000f5580000)
 Metaspace       used 54777K, committed 55808K, reserved 1105920K
  class space    used 5255K, committed 5696K, reserved 1048576K
}
Event: 1423.156 GC heap before
{Heap before GC invocations=969 (full 857):
 PSYoungGen      total 74240K, used 49663K [0x00000000f5580000, 0x00000000fe400000, 0x0000000100000000)
  eden space 49664K, 99% used [0x00000000f5580000,0x00000000f85fffd0,0x00000000f8600000)
  from space 24576K, 0% used [0x00000000f8600000,0x00000000f8600000,0x00000000f9e00000)
  to   space 45568K, 0% used [0x00000000fb780000,0x00000000fb780000,0x00000000fe400000)
 ParOldGen       total 349696K, used 349692K [0x00000000e0000000, 0x00000000f5580000, 0x00000000f5580000)
  object space 349696K, 99% used [0x00000000e0000000,0x00000000f557f0d0,0x00000000f5580000)
 Metaspace       used 54777K, committed 55808K, reserved 1105920K
  class space    used 5255K, committed 5696K, reserved 1048576K
}
Event: 1424.780 GC heap after
{Heap after GC invocations=969 (full 857):
 PSYoungGen      total 95232K, used 49663K [0x00000000f5580000, 0x00000000fe400000, 0x0000000100000000)
  eden space 49664K, 99% used [0x00000000f5580000,0x00000000f85fffb0,0x00000000f8600000)
  from space 45568K, 0% used [0x00000000fb780000,0x00000000fb780000,0x00000000fe400000)
  to   space 24576K, 0% used [0x00000000f8600000,0x00000000f8600000,0x00000000f9e00000)
 ParOldGen       total 349696K, used 349692K [0x00000000e0000000, 0x00000000f5580000, 0x00000000f5580000)
  object space 349696K, 99% used [0x00000000e0000000,0x00000000f557f0b0,0x00000000f5580000)
 Metaspace       used 54777K, committed 55808K, reserved 1105920K
  class space    used 5255K, committed 5696K, reserved 1048576K
}
Event: 1424.780 GC heap before
{Heap before GC invocations=970 (full 858):
 PSYoungGen      total 95232K, used 49664K [0x00000000f5580000, 0x00000000fe400000, 0x0000000100000000)
  eden space 49664K, 100% used [0x00000000f5580000,0x00000000f8600000,0x00000000f8600000)
  from space 45568K, 0% used [0x00000000fb780000,0x00000000fb780000,0x00000000fe400000)
  to   space 24576K, 0% used [0x00000000f8600000,0x00000000f8600000,0x00000000f9e00000)
 ParOldGen       total 349696K, used 349695K [0x00000000e0000000, 0x00000000f5580000, 0x00000000f5580000)
  object space 349696K, 99% used [0x00000000e0000000,0x00000000f557feb8,0x00000000f5580000)
 Metaspace       used 54777K, committed 55808K, reserved 1105920K
  class space    used 5255K, committed 5696K, reserved 1048576K
}
Event: 1426.486 GC heap after
{Heap after GC invocations=970 (full 858):
 PSYoungGen      total 74240K, used 49664K [0x00000000f5580000, 0x00000000fe400000, 0x0000000100000000)
  eden space 49664K, 100% used [0x00000000f5580000,0x00000000f8600000,0x00000000f8600000)
  from space 24576K, 0% used [0x00000000f8600000,0x00000000f8600000,0x00000000f9e00000)
  to   space 45568K, 0% used [0x00000000fb780000,0x00000000fb780000,0x00000000fe400000)
 ParOldGen       total 349696K, used 349695K [0x00000000e0000000, 0x00000000f5580000, 0x00000000f5580000)
  object space 349696K, 99% used [0x00000000e0000000,0x00000000f557fd70,0x00000000f5580000)
 Metaspace       used 54777K, committed 55808K, reserved 1105920K
  class space    used 5255K, committed 5696K, reserved 1048576K
}
Event: 1426.486 GC heap before
{Heap before GC invocations=971 (full 859):
 PSYoungGen      total 74240K, used 49664K [0x00000000f5580000, 0x00000000fe400000, 0x0000000100000000)
  eden space 49664K, 100% used [0x00000000f5580000,0x00000000f8600000,0x00000000f8600000)
  from space 24576K, 0% used [0x00000000f8600000,0x00000000f8600000,0x00000000f9e00000)
  to   space 45568K, 0% used [0x00000000fb780000,0x00000000fb780000,0x00000000fe400000)
 ParOldGen       total 349696K, used 349695K [0x00000000e0000000, 0x00000000f5580000, 0x00000000f5580000)
  object space 349696K, 99% used [0x00000000e0000000,0x00000000f557fd70,0x00000000f5580000)
 Metaspace       used 54777K, committed 55808K, reserved 1105920K
  class space    used 5255K, committed 5696K, reserved 1048576K
}
Event: 1428.265 GC heap after
{Heap after GC invocations=971 (full 859):
 PSYoungGen      total 95232K, used 49664K [0x00000000f5580000, 0x00000000fe400000, 0x0000000100000000)
  eden space 49664K, 100% used [0x00000000f5580000,0x00000000f8600000,0x00000000f8600000)
  from space 45568K, 0% used [0x00000000fb780000,0x00000000fb780000,0x00000000fe400000)
  to   space 24576K, 0% used [0x00000000f8600000,0x00000000f8600000,0x00000000f9e00000)
 ParOldGen       total 349696K, used 349695K [0x00000000e0000000, 0x00000000f5580000, 0x00000000f5580000)
  object space 349696K, 99% used [0x00000000e0000000,0x00000000f557fd70,0x00000000f5580000)
 Metaspace       used 54777K, committed 55808K, reserved 1105920K
  class space    used 5255K, committed 5696K, reserved 1048576K
}

