# JRE version: OpenJDK Runtime Environment GraalVM CE 22.3.0 (17.0.5+8) (build 17.0.5+8-jvmci-22.3-b08)
# Java VM: OpenJDK 64-Bit Server VM GraalVM CE 22.3.0 (17.0.5+8-jvmci-22.3-b08, mixed mode, sharing, tiered, jvmci, jvmci compiler, compressed oops, compressed class ptrs, parallel gc, linux-amd64)
GC Precious Log:
 CPUs: 8 total, 1 available
 Memory: 1024M
 Large Page Support: Disabled
 NUMA Support: Disabled
 Compressed Oops: Enabled (32-bit)
 Alignments: Space 512K, Generation 512K, Heap 2M
 Heap Min Capacity: 100M
 Heap Initial Capacity: 100M
 Heap Max Capacity: 512M
 Pre-touch: Disabled
 Parallel Workers: 1
Heap:
 PSYoungGen      total 37888K, used 28671K [0x00000000f5580000, 0x00000000f8780000, 0x0000000100000000)
  eden space 28672K, 99% used [0x00000000f5580000,0x00000000f717fff8,0x00000000f7180000)
  from space 9216K, 0% used [0x00000000f7e80000,0x00000000f7e80000,0x00000000f8780000)
  to   space 10240K, 0% used [0x00000000f7180000,0x00000000f7180000,0x00000000f7b80000)
 ParOldGen       total 349696K, used 349695K [0x00000000e0000000, 0x00000000f5580000, 0x00000000f5580000)
  object space 349696K, 99% used [0x00000000e0000000,0x00000000f557ffd8,0x00000000f5580000)
 Metaspace       used 60616K, committed 61824K, reserved 1105920K
  class space    used 5945K, committed 6464K, reserved 1048576K
GC Heap History (20 events):
Event: 671.546 GC heap before
{Heap before GC invocations=684 (full 522):
 PSYoungGen      total 37888K, used 28671K [0x00000000f5580000, 0x00000000f8780000, 0x0000000100000000)
  eden space 28672K, 99% used [0x00000000f5580000,0x00000000f717fff0,0x00000000f7180000)
  from space 9216K, 0% used [0x00000000f7e80000,0x00000000f7e80000,0x00000000f8780000)
  to   space 10240K, 0% used [0x00000000f7180000,0x00000000f7180000,0x00000000f7b80000)
 ParOldGen       total 349696K, used 349650K [0x00000000e0000000, 0x00000000f5580000, 0x00000000f5580000)
  object space 349696K, 99% used [0x00000000e0000000,0x00000000f55749b0,0x00000000f5580000)
 Metaspace       used 60615K, committed 61824K, reserved 1105920K
  class space    used 5945K, committed 6464K, reserved 1048576K
}
Event: 672.654 GC heap after
{Heap after GC invocations=684 (full 522):
 PSYoungGen      total 38912K, used 28671K [0x00000000f5580000, 0x00000000f8780000, 0x0000000100000000)
  eden space 28672K, 99% used [0x00000000f5580000,0x00000000f717ffc0,0x00000000f7180000)
  from space 10240K, 0% used [0x00000000f7180000,0x00000000f7180000,0x00000000f7b80000)
  to   space 9216K, 0% used [0x00000000f7e80000,0x00000000f7e80000,0x00000000f8780000)
 ParOldGen       total 349696K, used 349648K [0x00000000e0000000, 0x00000000f5580000, 0x00000000f5580000)
  object space 349696K, 99% used [0x00000000e0000000,0x00000000f55743c0,0x00000000f5580000)
 Metaspace       used 60615K, committed 61824K, reserved 1105920K
  class space    used 5945K, committed 6464K, reserved 1048576K
}
Event: 672.654 GC heap before
{Heap before GC invocations=685 (full 523):
 PSYoungGen      total 38912K, used 28671K [0x00000000f5580000, 0x00000000f8780000, 0x0000000100000000)
  eden space 28672K, 99% used [0x00000000f5580000,0x00000000f717fff0,0x00000000f7180000)
  from space 10240K, 0% used [0x00000000f7180000,0x00000000f7180000,0x00000000f7b80000)
  to   space 9216K, 0% used [0x00000000f7e80000,0x00000000f7e80000,0x00000000f8780000)
 ParOldGen       total 349696K, used 349648K [0x00000000e0000000, 0x00000000f5580000, 0x00000000f5580000)
  object space 349696K, 99% used [0x00000000e0000000,0x00000000f55743c0,0x00000000f5580000)
 Metaspace       used 60615K, committed 61824K, reserved 1105920K
  class space    used 5945K, committed 6464K, reserved 1048576K
}
Event: 673.836 GC heap after
{Heap after GC invocations=685 (full 523):
 PSYoungGen      total 37888K, used 28671K [0x00000000f5580000, 0x00000000f8780000, 0x0000000100000000)
  eden space 28672K, 99% used [0x00000000f5580000,0x00000000f717fff0,0x00000000f7180000)
  from space 9216K, 0% used [0x00000000f7e80000,0x00000000f7e80000,0x00000000f8780000)
  to   space 10240K, 0% used [0x00000000f7180000,0x00000000f7180000,0x00000000f7b80000)
 ParOldGen       total 349696K, used 349648K [0x00000000e0000000, 0x00000000f5580000, 0x00000000f5580000)
  object space 349696K, 99% used [0x00000000e0000000,0x00000000f55743c0,0x00000000f5580000)
 Metaspace       used 60615K, committed 61824K, reserved 1105920K
  class space    used 5945K, committed 6464K, reserved 1048576K
}
Event: 673.837 GC heap before
{Heap before GC invocations=686 (full 524):
 PSYoungGen      total 37888K, used 28672K [0x00000000f5580000, 0x00000000f8780000, 0x0000000100000000)
  eden space 28672K, 100% used [0x00000000f5580000,0x00000000f7180000,0x00000000f7180000)
  from space 9216K, 0% used [0x00000000f7e80000,0x00000000f7e80000,0x00000000f8780000)
  to   space 10240K, 0% used [0x00000000f7180000,0x00000000f7180000,0x00000000f7b80000)
 ParOldGen       total 349696K, used 349660K [0x00000000e0000000, 0x00000000f5580000, 0x00000000f5580000)
  object space 349696K, 99% used [0x00000000e0000000,0x00000000f5577250,0x00000000f5580000)
 Metaspace       used 60615K, committed 61824K, reserved 1105920K
  class space    used 5945K, committed 6464K, reserved 1048576K
}
Event: 674.966 GC heap after
{Heap after GC invocations=686 (full 524):
 PSYoungGen      total 38912K, used 28672K [0x00000000f5580000, 0x00000000f8780000, 0x0000000100000000)
  eden space 28672K, 100% used [0x00000000f5580000,0x00000000f7180000,0x00000000f7180000)
  from space 10240K, 0% used [0x00000000f7180000,0x00000000f7180000,0x00000000f7b80000)
  to   space 9216K, 0% used [0x00000000f7e80000,0x00000000f7e80000,0x00000000f8780000)
 ParOldGen       total 349696K, used 349650K [0x00000000e0000000, 0x00000000f5580000, 0x00000000f5580000)
  object space 349696K, 99% used [0x00000000e0000000,0x00000000f5574a88,0x00000000f5580000)
 Metaspace       used 60615K, committed 61824K, reserved 1105920K
  class space    used 5945K, committed 6464K, reserved 1048576K
}
Event: 674.967 GC heap before
{Heap before GC invocations=687 (full 525):
 PSYoungGen      total 38912K, used 28672K [0x00000000f5580000, 0x00000000f8780000, 0x0000000100000000)
  eden space 28672K, 100% used [0x00000000f5580000,0x00000000f7180000,0x00000000f7180000)
  from space 10240K, 0% used [0x00000000f7180000,0x00000000f7180000,0x00000000f7b80000)
  to   space 9216K, 0% used [0x00000000f7e80000,0x00000000f7e80000,0x00000000f8780000)
 ParOldGen       total 349696K, used 349682K [0x00000000e0000000, 0x00000000f5580000, 0x00000000f5580000)
  object space 349696K, 99% used [0x00000000e0000000,0x00000000f557c8f8,0x00000000f5580000)
 Metaspace       used 60616K, committed 61824K, reserved 1105920K
  class space    used 5945K, committed 6464K, reserved 1048576K
}
Event: 676.841 GC heap after
{Heap after GC invocations=687 (full 525):
 PSYoungGen      total 37888K, used 28671K [0x00000000f5580000, 0x00000000f8780000, 0x0000000100000000)
  eden space 28672K, 99% used [0x00000000f5580000,0x00000000f717ffe8,0x00000000f7180000)
  from space 9216K, 0% used [0x00000000f7e80000,0x00000000f7e80000,0x00000000f8780000)
  to   space 10240K, 0% used [0x00000000f7180000,0x00000000f7180000,0x00000000f7b80000)
 ParOldGen       total 349696K, used 349679K [0x00000000e0000000, 0x00000000f5580000, 0x00000000f5580000)
  object space 349696K, 99% used [0x00000000e0000000,0x00000000f557be98,0x00000000f5580000)
 Metaspace       used 60616K, committed 61824K, reserved 1105920K
  class space    used 5945K, committed 6464K, reserved 1048576K
}
Event: 676.843 GC heap before
{Heap before GC invocations=688 (full 526):
 PSYoungGen      total 37888K, used 28671K [0x00000000f5580000, 0x00000000f8780000, 0x0000000100000000)
  eden space 28672K, 99% used [0x00000000f5580000,0x00000000f717fff8,0x00000000f7180000)
  from space 9216K, 0% used [0x00000000f7e80000,0x00000000f7e80000,0x00000000f8780000)
  to   space 10240K, 0% used [0x00000000f7180000,0x00000000f7180000,0x00000000f7b80000)
 ParOldGen       total 349696K, used 349685K [0x00000000e0000000, 0x00000000f5580000, 0x00000000f5580000)
  object space 349696K, 99% used [0x00000000e0000000,0x00000000f557d5c0,0x00000000f5580000)
 Metaspace       used 60616K, committed 61824K, reserved 1105920K
  class space    used 5945K, committed 6464K, reserved 1048576K
}
Event: 678.399 GC heap after
{Heap after GC invocations=688 (full 526):
 PSYoungGen      total 38912K, used 28671K [0x00000000f5580000, 0x00000000f8780000, 0x0000000100000000)
  eden space 28672K, 99% used [0x00000000f5580000,0x00000000f717fff8,0x00000000f7180000)
  from space 10240K, 0% used [0x00000000f7180000,0x00000000f7180000,0x00000000f7b80000)
  to   space 9216K, 0% used [0x00000000f7e80000,0x00000000f7e80000,0x00000000f8780000)
 ParOldGen       total 349696K, used 349685K [0x00000000e0000000, 0x00000000f5580000, 0x00000000f5580000)
  object space 349696K, 99% used [0x00000000e0000000,0x00000000f557d5c0,0x00000000f5580000)
 Metaspace       used 60616K, committed 61824K, reserved 1105920K
  class space    used 5945K, committed 6464K, reserved 1048576K
}
Event: 678.399 GC heap before
{Heap before GC invocations=689 (full 527):
 PSYoungGen      total 38912K, used 28671K [0x00000000f5580000, 0x00000000f8780000, 0x0000000100000000)
  eden space 28672K, 99% used [0x00000000f5580000,0x00000000f717fff8,0x00000000f7180000)
  from space 10240K, 0% used [0x00000000f7180000,0x00000000f7180000,0x00000000f7b80000)
  to   space 9216K, 0% used [0x00000000f7e80000,0x00000000f7e80000,0x00000000f8780000)
 ParOldGen       total 349696K, used 349688K [0x00000000e0000000, 0x00000000f5580000, 0x00000000f5580000)
  object space 349696K, 99% used [0x00000000e0000000,0x00000000f557e080,0x00000000f5580000)
 Metaspace       used 60616K, committed 61824K, reserved 1105920K
  class space    used 5945K, committed 6464K, reserved 1048576K
}
Event: 679.485 GC heap after
{Heap after GC invocations=689 (full 527):
 PSYoungGen      total 37888K, used 28671K [0x00000000f5580000, 0x00000000f8780000, 0x0000000100000000)
  eden space 28672K, 99% used [0x00000000f5580000,0x00000000f717fff8,0x00000000f7180000)
  from space 9216K, 0% used [0x00000000f7e80000,0x00000000f7e80000,0x00000000f8780000)
  to   space 10240K, 0% used [0x00000000f7180000,0x00000000f7180000,0x00000000f7b80000)
 ParOldGen       total 349696K, used 349688K [0x00000000e0000000, 0x00000000f5580000, 0x00000000f5580000)
  object space 349696K, 99% used [0x00000000e0000000,0x00000000f557e080,0x00000000f5580000)
 Metaspace       used 60616K, committed 61824K, reserved 1105920K
  class space    used 5945K, committed 6464K, reserved 1048576K
}
Event: 679.485 GC heap before
{Heap before GC invocations=690 (full 528):
 PSYoungGen      total 37888K, used 28671K [0x00000000f5580000, 0x00000000f8780000, 0x0000000100000000)
  eden space 28672K, 99% used [0x00000000f5580000,0x00000000f717fff8,0x00000000f7180000)
  from space 9216K, 0% used [0x00000000f7e80000,0x00000000f7e80000,0x00000000f8780000)
  to   space 10240K, 0% used [0x00000000f7180000,0x00000000f7180000,0x00000000f7b80000)
 ParOldGen       total 349696K, used 349692K [0x00000000e0000000, 0x00000000f5580000, 0x00000000f5580000)
  object space 349696K, 99% used [0x00000000e0000000,0x00000000f557f010,0x00000000f5580000)
 Metaspace       used 60616K, committed 61824K, reserved 1105920K
  class space    used 5945K, committed 6464K, reserved 1048576K
}
Event: 680.743 GC heap after
{Heap after GC invocations=690 (full 528):
 PSYoungGen      total 38912K, used 28671K [0x00000000f5580000, 0x00000000f8780000, 0x0000000100000000)
  eden space 28672K, 99% used [0x00000000f5580000,0x00000000f717fff8,0x00000000f7180000)
  from space 10240K, 0% used [0x00000000f7180000,0x00000000f7180000,0x00000000f7b80000)
  to   space 9216K, 0% used [0x00000000f7e80000,0x00000000f7e80000,0x00000000f8780000)
 ParOldGen       total 349696K, used 349692K [0x00000000e0000000, 0x00000000f5580000, 0x00000000f5580000)
  object space 349696K, 99% used [0x00000000e0000000,0x00000000f557f000,0x00000000f5580000)
 Metaspace       used 60616K, committed 61824K, reserved 1105920K
  class space    used 5945K, committed 6464K, reserved 1048576K
}
Event: 680.746 GC heap before
{Heap before GC invocations=691 (full 529):
 PSYoungGen      total 38912K, used 28671K [0x00000000f5580000, 0x00000000f8780000, 0x0000000100000000)
  eden space 28672K, 99% used [0x00000000f5580000,0x00000000f717fff8,0x00000000f7180000)
  from space 10240K, 0% used [0x00000000f7180000,0x00000000f7180000,0x00000000f7b80000)
  to   space 9216K, 0% used [0x00000000f7e80000,0x00000000f7e80000,0x00000000f8780000)
 ParOldGen       total 349696K, used 349695K [0x00000000e0000000, 0x00000000f5580000, 0x00000000f5580000)
  object space 349696K, 99% used [0x00000000e0000000,0x00000000f557ff98,0x00000000f5580000)
 Metaspace       used 60616K, committed 61824K, reserved 1105920K
  class space    used 5945K, committed 6464K, reserved 1048576K
}
Event: 681.874 GC heap after
{Heap after GC invocations=691 (full 529):
 PSYoungGen      total 37888K, used 28671K [0x00000000f5580000, 0x00000000f8780000, 0x0000000100000000)
  eden space 28672K, 99% used [0x00000000f5580000,0x00000000f717fff8,0x00000000f7180000)
  from space 9216K, 0% used [0x00000000f7e80000,0x00000000f7e80000,0x00000000f8780000)
  to   space 10240K, 0% used [0x00000000f7180000,0x00000000f7180000,0x00000000f7b80000)
 ParOldGen       total 349696K, used 349695K [0x00000000e0000000, 0x00000000f5580000, 0x00000000f5580000)
  object space 349696K, 99% used [0x00000000e0000000,0x00000000f557fdd8,0x00000000f5580000)
 Metaspace       used 60616K, committed 61824K, reserved 1105920K
  class space    used 5945K, committed 6464K, reserved 1048576K
}
Event: 681.875 GC heap before
{Heap before GC invocations=692 (full 530):
 PSYoungGen      total 37888K, used 28671K [0x00000000f5580000, 0x00000000f8780000, 0x0000000100000000)
  eden space 28672K, 99% used [0x00000000f5580000,0x00000000f717fff8,0x00000000f7180000)
  from space 9216K, 0% used [0x00000000f7e80000,0x00000000f7e80000,0x00000000f8780000)
  to   space 10240K, 0% used [0x00000000f7180000,0x00000000f7180000,0x00000000f7b80000)
 ParOldGen       total 349696K, used 349695K [0x00000000e0000000, 0x00000000f5580000, 0x00000000f5580000)
  object space 349696K, 99% used [0x00000000e0000000,0x00000000f557ffd0,0x00000000f5580000)
 Metaspace       used 60616K, committed 61824K, reserved 1105920K
  class space    used 5945K, committed 6464K, reserved 1048576K
}
Event: 683.275 GC heap after
{Heap after GC invocations=692 (full 530):
 PSYoungGen      total 38912K, used 28671K [0x00000000f5580000, 0x00000000f8780000, 0x0000000100000000)
  eden space 28672K, 99% used [0x00000000f5580000,0x00000000f717fff8,0x00000000f7180000)
  from space 10240K, 0% used [0x00000000f7180000,0x00000000f7180000,0x00000000f7b80000)
  to   space 9216K, 0% used [0x00000000f7e80000,0x00000000f7e80000,0x00000000f8780000)
 ParOldGen       total 349696K, used 349695K [0x00000000e0000000, 0x00000000f5580000, 0x00000000f5580000)
  object space 349696K, 99% used [0x00000000e0000000,0x00000000f557fe10,0x00000000f5580000)
 Metaspace       used 60616K, committed 61824K, reserved 1105920K
  class space    used 5945K, committed 6464K, reserved 1048576K
}
Event: 683.276 GC heap before
{Heap before GC invocations=693 (full 531):
 PSYoungGen      total 38912K, used 28671K [0x00000000f5580000, 0x00000000f8780000, 0x0000000100000000)
  eden space 28672K, 99% used [0x00000000f5580000,0x00000000f717fff8,0x00000000f7180000)
  from space 10240K, 0% used [0x00000000f7180000,0x00000000f7180000,0x00000000f7b80000)
  to   space 9216K, 0% used [0x00000000f7e80000,0x00000000f7e80000,0x00000000f8780000)
 ParOldGen       total 349696K, used 349695K [0x00000000e0000000, 0x00000000f5580000, 0x00000000f5580000)
  object space 349696K, 99% used [0x00000000e0000000,0x00000000f557fe10,0x00000000f5580000)
 Metaspace       used 60616K, committed 61824K, reserved 1105920K
  class space    used 5945K, committed 6464K, reserved 1048576K
}
Event: 684.435 GC heap after
{Heap after GC invocations=693 (full 531):
 PSYoungGen      total 37888K, used 28671K [0x00000000f5580000, 0x00000000f8780000, 0x0000000100000000)
  eden space 28672K, 99% used [0x00000000f5580000,0x00000000f717fff8,0x00000000f7180000)
  from space 9216K, 0% used [0x00000000f7e80000,0x00000000f7e80000,0x00000000f8780000)
  to   space 10240K, 0% used [0x00000000f7180000,0x00000000f7180000,0x00000000f7b80000)
 ParOldGen       total 349696K, used 349695K [0x00000000e0000000, 0x00000000f5580000, 0x00000000f5580000)
  object space 349696K, 99% used [0x00000000e0000000,0x00000000f557fe10,0x00000000f5580000)
 Metaspace       used 60616K, committed 61824K, reserved 1105920K
  class space    used 5945K, committed 6464K, reserved 1048576K
}

