# JRE version: OpenJDK Runtime Environment GraalVM CE 22.3.0 (17.0.5+8) (build 17.0.5+8-jvmci-22.3-b08)
# Java VM: OpenJDK 64-Bit Server VM GraalVM CE 22.3.0 (17.0.5+8-jvmci-22.3-b08, mixed mode, sharing, tiered, jvmci, jvmci compiler, compressed oops, compressed class ptrs, parallel gc, linux-amd64)
GC Precious Log:
 CPUs: 8 total, 1 available
 Memory: 1024M
 Large Page Support: Disabled
 NUMA Support: Disabled
 Compressed Oops: Enabled (32-bit)
 Alignments: Space 512K, Generation 512K, Heap 2M
 Heap Min Capacity: 100M
 Heap Initial Capacity: 100M
 Heap Max Capacity: 512M
 Pre-touch: Disabled
 Parallel Workers: 1
Heap:
 PSYoungGen      total 9216K, used 7680K [0x00000000f5580000, 0x00000000f6080000, 0x0000000100000000)
  eden space 7680K, 100% used [0x00000000f5580000,0x00000000f5d00000,0x00000000f5d00000)
  from space 1536K, 0% used [0x00000000f5e80000,0x00000000f5e80000,0x00000000f6000000)
  to   space 1536K, 0% used [0x00000000f5d00000,0x00000000f5d00000,0x00000000f5e80000)
 ParOldGen       total 349696K, used 349696K [0x00000000e0000000, 0x00000000f5580000, 0x00000000f5580000)
  object space 349696K, 100% used [0x00000000e0000000,0x00000000f5580000,0x00000000f5580000)
 Metaspace       used 62780K, committed 63808K, reserved 1114112K
  class space    used 6034K, committed 6464K, reserved 1048576K
GC Heap History (20 events):
Event: 1527.224 GC heap before
{Heap before GC invocations=872 (full 665):
 PSYoungGen      total 9216K, used 7680K [0x00000000f5580000, 0x00000000f6080000, 0x0000000100000000)
  eden space 7680K, 100% used [0x00000000f5580000,0x00000000f5d00000,0x00000000f5d00000)
  from space 1536K, 0% used [0x00000000f5e80000,0x00000000f5e80000,0x00000000f6000000)
  to   space 1536K, 0% used [0x00000000f5d00000,0x00000000f5d00000,0x00000000f5e80000)
 ParOldGen       total 349696K, used 349688K [0x00000000e0000000, 0x00000000f5580000, 0x00000000f5580000)
  object space 349696K, 99% used [0x00000000e0000000,0x00000000f557e060,0x00000000f5580000)
 Metaspace       used 62780K, committed 63808K, reserved 1114112K
  class space    used 6034K, committed 6464K, reserved 1048576K
}
Event: 1528.669 GC heap after
{Heap after GC invocations=872 (full 665):
 PSYoungGen      total 9216K, used 7680K [0x00000000f5580000, 0x00000000f6080000, 0x0000000100000000)
  eden space 7680K, 100% used [0x00000000f5580000,0x00000000f5d00000,0x00000000f5d00000)
  from space 1536K, 0% used [0x00000000f5d00000,0x00000000f5d00000,0x00000000f5e80000)
  to   space 1536K, 0% used [0x00000000f5e80000,0x00000000f5e80000,0x00000000f6000000)
 ParOldGen       total 349696K, used 349688K [0x00000000e0000000, 0x00000000f5580000, 0x00000000f5580000)
  object space 349696K, 99% used [0x00000000e0000000,0x00000000f557e060,0x00000000f5580000)
 Metaspace       used 62780K, committed 63808K, reserved 1114112K
  class space    used 6034K, committed 6464K, reserved 1048576K
}
Event: 1528.670 GC heap before
{Heap before GC invocations=873 (full 666):
 PSYoungGen      total 9216K, used 7680K [0x00000000f5580000, 0x00000000f6080000, 0x0000000100000000)
  eden space 7680K, 100% used [0x00000000f5580000,0x00000000f5d00000,0x00000000f5d00000)
  from space 1536K, 0% used [0x00000000f5d00000,0x00000000f5d00000,0x00000000f5e80000)
  to   space 1536K, 0% used [0x00000000f5e80000,0x00000000f5e80000,0x00000000f6000000)
 ParOldGen       total 349696K, used 349690K [0x00000000e0000000, 0x00000000f5580000, 0x00000000f5580000)
  object space 349696K, 99% used [0x00000000e0000000,0x00000000f557e860,0x00000000f5580000)
 Metaspace       used 62780K, committed 63808K, reserved 1114112K
  class space    used 6034K, committed 6464K, reserved 1048576K
}
Event: 1529.989 GC heap after
{Heap after GC invocations=873 (full 666):
 PSYoungGen      total 9216K, used 7680K [0x00000000f5580000, 0x00000000f6080000, 0x0000000100000000)
  eden space 7680K, 100% used [0x00000000f5580000,0x00000000f5d00000,0x00000000f5d00000)
  from space 1536K, 0% used [0x00000000f5e80000,0x00000000f5e80000,0x00000000f6000000)
  to   space 1536K, 0% used [0x00000000f5d00000,0x00000000f5d00000,0x00000000f5e80000)
 ParOldGen       total 349696K, used 349690K [0x00000000e0000000, 0x00000000f5580000, 0x00000000f5580000)
  object space 349696K, 99% used [0x00000000e0000000,0x00000000f557e860,0x00000000f5580000)
 Metaspace       used 62780K, committed 63808K, reserved 1114112K
  class space    used 6034K, committed 6464K, reserved 1048576K
}
Event: 1529.989 GC heap before
{Heap before GC invocations=874 (full 667):
 PSYoungGen      total 9216K, used 7680K [0x00000000f5580000, 0x00000000f6080000, 0x0000000100000000)
  eden space 7680K, 100% used [0x00000000f5580000,0x00000000f5d00000,0x00000000f5d00000)
  from space 1536K, 0% used [0x00000000f5e80000,0x00000000f5e80000,0x00000000f6000000)
  to   space 1536K, 0% used [0x00000000f5d00000,0x00000000f5d00000,0x00000000f5e80000)
 ParOldGen       total 349696K, used 349692K [0x00000000e0000000, 0x00000000f5580000, 0x00000000f5580000)
  object space 349696K, 99% used [0x00000000e0000000,0x00000000f557f108,0x00000000f5580000)
 Metaspace       used 62780K, committed 63808K, reserved 1114112K
  class space    used 6034K, committed 6464K, reserved 1048576K
}
Event: 1531.401 GC heap after
{Heap after GC invocations=874 (full 667):
 PSYoungGen      total 9216K, used 7680K [0x00000000f5580000, 0x00000000f6080000, 0x0000000100000000)
  eden space 7680K, 100% used [0x00000000f5580000,0x00000000f5d00000,0x00000000f5d00000)
  from space 1536K, 0% used [0x00000000f5d00000,0x00000000f5d00000,0x00000000f5e80000)
  to   space 1536K, 0% used [0x00000000f5e80000,0x00000000f5e80000,0x00000000f6000000)
 ParOldGen       total 349696K, used 349692K [0x00000000e0000000, 0x00000000f5580000, 0x00000000f5580000)
  object space 349696K, 99% used [0x00000000e0000000,0x00000000f557f108,0x00000000f5580000)
 Metaspace       used 62780K, committed 63808K, reserved 1114112K
  class space    used 6034K, committed 6464K, reserved 1048576K
}
Event: 1531.401 GC heap before
{Heap before GC invocations=875 (full 668):
 PSYoungGen      total 9216K, used 7680K [0x00000000f5580000, 0x00000000f6080000, 0x0000000100000000)
  eden space 7680K, 100% used [0x00000000f5580000,0x00000000f5d00000,0x00000000f5d00000)
  from space 1536K, 0% used [0x00000000f5d00000,0x00000000f5d00000,0x00000000f5e80000)
  to   space 1536K, 0% used [0x00000000f5e80000,0x00000000f5e80000,0x00000000f6000000)
 ParOldGen       total 349696K, used 349693K [0x00000000e0000000, 0x00000000f5580000, 0x00000000f5580000)
  object space 349696K, 99% used [0x00000000e0000000,0x00000000f557f628,0x00000000f5580000)
 Metaspace       used 62780K, committed 63808K, reserved 1114112K
  class space    used 6034K, committed 6464K, reserved 1048576K
}
Event: 1533.042 GC heap after
{Heap after GC invocations=875 (full 668):
 PSYoungGen      total 9216K, used 7680K [0x00000000f5580000, 0x00000000f6080000, 0x0000000100000000)
  eden space 7680K, 100% used [0x00000000f5580000,0x00000000f5d00000,0x00000000f5d00000)
  from space 1536K, 0% used [0x00000000f5e80000,0x00000000f5e80000,0x00000000f6000000)
  to   space 1536K, 0% used [0x00000000f5d00000,0x00000000f5d00000,0x00000000f5e80000)
 ParOldGen       total 349696K, used 349692K [0x00000000e0000000, 0x00000000f5580000, 0x00000000f5580000)
  object space 349696K, 99% used [0x00000000e0000000,0x00000000f557f228,0x00000000f5580000)
 Metaspace       used 62780K, committed 63808K, reserved 1114112K
  class space    used 6034K, committed 6464K, reserved 1048576K
}
Event: 1533.046 GC heap before
{Heap before GC invocations=876 (full 669):
 PSYoungGen      total 9216K, used 7680K [0x00000000f5580000, 0x00000000f6080000, 0x0000000100000000)
  eden space 7680K, 100% used [0x00000000f5580000,0x00000000f5d00000,0x00000000f5d00000)
  from space 1536K, 0% used [0x00000000f5e80000,0x00000000f5e80000,0x00000000f6000000)
  to   space 1536K, 0% used [0x00000000f5d00000,0x00000000f5d00000,0x00000000f5e80000)
 ParOldGen       total 349696K, used 349695K [0x00000000e0000000, 0x00000000f5580000, 0x00000000f5580000)
  object space 349696K, 99% used [0x00000000e0000000,0x00000000f557fed0,0x00000000f5580000)
 Metaspace       used 62780K, committed 63808K, reserved 1114112K
  class space    used 6034K, committed 6464K, reserved 1048576K
}
Event: 1535.157 GC heap after
{Heap after GC invocations=876 (full 669):
 PSYoungGen      total 9216K, used 7680K [0x00000000f5580000, 0x00000000f6080000, 0x0000000100000000)
  eden space 7680K, 100% used [0x00000000f5580000,0x00000000f5d00000,0x00000000f5d00000)
  from space 1536K, 0% used [0x00000000f5d00000,0x00000000f5d00000,0x00000000f5e80000)
  to   space 1536K, 0% used [0x00000000f5e80000,0x00000000f5e80000,0x00000000f6000000)
 ParOldGen       total 349696K, used 349695K [0x00000000e0000000, 0x00000000f5580000, 0x00000000f5580000)
  object space 349696K, 99% used [0x00000000e0000000,0x00000000f557fe60,0x00000000f5580000)
 Metaspace       used 62780K, committed 63808K, reserved 1114112K
  class space    used 6034K, committed 6464K, reserved 1048576K
}
Event: 1535.162 GC heap before
{Heap before GC invocations=877 (full 670):
 PSYoungGen      total 9216K, used 7680K [0x00000000f5580000, 0x00000000f6080000, 0x0000000100000000)
  eden space 7680K, 100% used [0x00000000f5580000,0x00000000f5d00000,0x00000000f5d00000)
  from space 1536K, 0% used [0x00000000f5d00000,0x00000000f5d00000,0x00000000f5e80000)
  to   space 1536K, 0% used [0x00000000f5e80000,0x00000000f5e80000,0x00000000f6000000)
 ParOldGen       total 349696K, used 349695K [0x00000000e0000000, 0x00000000f5580000, 0x00000000f5580000)
  object space 349696K, 99% used [0x00000000e0000000,0x00000000f557fff8,0x00000000f5580000)
 Metaspace       used 62780K, committed 63808K, reserved 1114112K
  class space    used 6034K, committed 6464K, reserved 1048576K
}
Event: 1537.007 GC heap after
{Heap after GC invocations=877 (full 670):
 PSYoungGen      total 9216K, used 7680K [0x00000000f5580000, 0x00000000f6080000, 0x0000000100000000)
  eden space 7680K, 100% used [0x00000000f5580000,0x00000000f5d00000,0x00000000f5d00000)
  from space 1536K, 0% used [0x00000000f5e80000,0x00000000f5e80000,0x00000000f6000000)
  to   space 1536K, 0% used [0x00000000f5d00000,0x00000000f5d00000,0x00000000f5e80000)
 ParOldGen       total 349696K, used 349695K [0x00000000e0000000, 0x00000000f5580000, 0x00000000f5580000)
  object space 349696K, 99% used [0x00000000e0000000,0x00000000f557ff40,0x00000000f5580000)
 Metaspace       used 62780K, committed 63808K, reserved 1114112K
  class space    used 6034K, committed 6464K, reserved 1048576K
}
Event: 1537.007 GC heap before
{Heap before GC invocations=878 (full 671):
 PSYoungGen      total 9216K, used 7680K [0x00000000f5580000, 0x00000000f6080000, 0x0000000100000000)
  eden space 7680K, 100% used [0x00000000f5580000,0x00000000f5d00000,0x00000000f5d00000)
  from space 1536K, 0% used [0x00000000f5e80000,0x00000000f5e80000,0x00000000f6000000)
  to   space 1536K, 0% used [0x00000000f5d00000,0x00000000f5d00000,0x00000000f5e80000)
 ParOldGen       total 349696K, used 349695K [0x00000000e0000000, 0x00000000f5580000, 0x00000000f5580000)
  object space 349696K, 99% used [0x00000000e0000000,0x00000000f557ff80,0x00000000f5580000)
 Metaspace       used 62780K, committed 63808K, reserved 1114112K
  class space    used 6034K, committed 6464K, reserved 1048576K
}
Event: 1538.569 GC heap after
{Heap after GC invocations=878 (full 671):
 PSYoungGen      total 9216K, used 7680K [0x00000000f5580000, 0x00000000f6080000, 0x0000000100000000)
  eden space 7680K, 100% used [0x00000000f5580000,0x00000000f5d00000,0x00000000f5d00000)
  from space 1536K, 0% used [0x00000000f5d00000,0x00000000f5d00000,0x00000000f5e80000)
  to   space 1536K, 0% used [0x00000000f5e80000,0x00000000f5e80000,0x00000000f6000000)
 ParOldGen       total 349696K, used 349695K [0x00000000e0000000, 0x00000000f5580000, 0x00000000f5580000)
  object space 349696K, 99% used [0x00000000e0000000,0x00000000f557ff50,0x00000000f5580000)
 Metaspace       used 62780K, committed 63808K, reserved 1114112K
  class space    used 6034K, committed 6464K, reserved 1048576K
}
Event: 1538.569 GC heap before
{Heap before GC invocations=879 (full 672):
 PSYoungGen      total 9216K, used 7680K [0x00000000f5580000, 0x00000000f6080000, 0x0000000100000000)
  eden space 7680K, 100% used [0x00000000f5580000,0x00000000f5d00000,0x00000000f5d00000)
  from space 1536K, 0% used [0x00000000f5d00000,0x00000000f5d00000,0x00000000f5e80000)
  to   space 1536K, 0% used [0x00000000f5e80000,0x00000000f5e80000,0x00000000f6000000)
 ParOldGen       total 349696K, used 349695K [0x00000000e0000000, 0x00000000f5580000, 0x00000000f5580000)
  object space 349696K, 99% used [0x00000000e0000000,0x00000000f557ff50,0x00000000f5580000)
 Metaspace       used 62780K, committed 63808K, reserved 1114112K
  class space    used 6034K, committed 6464K, reserved 1048576K
}
Event: 1539.992 GC heap after
{Heap after GC invocations=879 (full 672):
 PSYoungGen      total 9216K, used 7680K [0x00000000f5580000, 0x00000000f6080000, 0x0000000100000000)
  eden space 7680K, 100% used [0x00000000f5580000,0x00000000f5d00000,0x00000000f5d00000)
  from space 1536K, 0% used [0x00000000f5e80000,0x00000000f5e80000,0x00000000f6000000)
  to   space 1536K, 0% used [0x00000000f5d00000,0x00000000f5d00000,0x00000000f5e80000)
 ParOldGen       total 349696K, used 349695K [0x00000000e0000000, 0x00000000f5580000, 0x00000000f5580000)
  object space 349696K, 99% used [0x00000000e0000000,0x00000000f557ff50,0x00000000f5580000)
 Metaspace       used 62780K, committed 63808K, reserved 1114112K
  class space    used 6034K, committed 6464K, reserved 1048576K
}
Event: 1539.994 GC heap before
{Heap before GC invocations=880 (full 673):
 PSYoungGen      total 9216K, used 7680K [0x00000000f5580000, 0x00000000f6080000, 0x0000000100000000)
  eden space 7680K, 100% used [0x00000000f5580000,0x00000000f5d00000,0x00000000f5d00000)
  from space 1536K, 0% used [0x00000000f5e80000,0x00000000f5e80000,0x00000000f6000000)
  to   space 1536K, 0% used [0x00000000f5d00000,0x00000000f5d00000,0x00000000f5e80000)
 ParOldGen       total 349696K, used 349695K [0x00000000e0000000, 0x00000000f5580000, 0x00000000f5580000)
  object space 349696K, 99% used [0x00000000e0000000,0x00000000f557ff50,0x00000000f5580000)
 Metaspace       used 62780K, committed 63808K, reserved 1114112K
  class space    used 6034K, committed 6464K, reserved 1048576K
}
Event: 1541.447 GC heap after
{Heap after GC invocations=880 (full 673):
 PSYoungGen      total 9216K, used 7680K [0x00000000f5580000, 0x00000000f6080000, 0x0000000100000000)
  eden space 7680K, 100% used [0x00000000f5580000,0x00000000f5d00000,0x00000000f5d00000)
  from space 1536K, 0% used [0x00000000f5d00000,0x00000000f5d00000,0x00000000f5e80000)
  to   space 1536K, 0% used [0x00000000f5e80000,0x00000000f5e80000,0x00000000f6000000)
 ParOldGen       total 349696K, used 349695K [0x00000000e0000000, 0x00000000f5580000, 0x00000000f5580000)
  object space 349696K, 99% used [0x00000000e0000000,0x00000000f557ff50,0x00000000f5580000)
 Metaspace       used 62780K, committed 63808K, reserved 1114112K
  class space    used 6034K, committed 6464K, reserved 1048576K
}
Event: 1541.447 GC heap before
{Heap before GC invocations=881 (full 674):
 PSYoungGen      total 9216K, used 7680K [0x00000000f5580000, 0x00000000f6080000, 0x0000000100000000)
  eden space 7680K, 100% used [0x00000000f5580000,0x00000000f5d00000,0x00000000f5d00000)
  from space 1536K, 0% used [0x00000000f5d00000,0x00000000f5d00000,0x00000000f5e80000)
  to   space 1536K, 0% used [0x00000000f5e80000,0x00000000f5e80000,0x00000000f6000000)
 ParOldGen       total 349696K, used 349695K [0x00000000e0000000, 0x00000000f5580000, 0x00000000f5580000)
  object space 349696K, 99% used [0x00000000e0000000,0x00000000f557ff50,0x00000000f5580000)
 Metaspace       used 62780K, committed 63808K, reserved 1114112K
  class space    used 6034K, committed 6464K, reserved 1048576K
}
Event: 1543.120 GC heap after
{Heap after GC invocations=881 (full 674):
 PSYoungGen      total 9216K, used 7680K [0x00000000f5580000, 0x00000000f6080000, 0x0000000100000000)
  eden space 7680K, 100% used [0x00000000f5580000,0x00000000f5d00000,0x00000000f5d00000)
  from space 1536K, 0% used [0x00000000f5e80000,0x00000000f5e80000,0x00000000f6000000)
  to   space 1536K, 0% used [0x00000000f5d00000,0x00000000f5d00000,0x00000000f5e80000)
 ParOldGen       total 349696K, used 349695K [0x00000000e0000000, 0x00000000f5580000, 0x00000000f5580000)
  object space 349696K, 99% used [0x00000000e0000000,0x00000000f557ff50,0x00000000f5580000)
 Metaspace       used 62780K, committed 63808K, reserved 1114112K
  class space    used 6034K, committed 6464K, reserved 1048576K
}

