# JRE version: OpenJDK Runtime Environment GraalVM CE 22.3.0 (17.0.5+8) (build 17.0.5+8-jvmci-22.3-b08)
# Java VM: OpenJDK 64-Bit Server VM GraalVM CE 22.3.0 (17.0.5+8-jvmci-22.3-b08, mixed mode, sharing, tiered, jvmci, jvmci compiler, compressed oops, compressed class ptrs, parallel gc, linux-amd64)
GC Precious Log:
 CPUs: 8 total, 1 available
 Memory: 1024M
 Large Page Support: Disabled
 NUMA Support: Disabled
 Compressed Oops: Enabled (32-bit)
 Alignments: Space 512K, Generation 512K, Heap 2M
 Heap Min Capacity: 100M
 Heap Initial Capacity: 100M
 Heap Max Capacity: 512M
 Pre-touch: Disabled
 Parallel Workers: 1
Heap:
 PSYoungGen      total 37888K, used 27647K [0x00000000f5580000, 0x00000000f8980000, 0x0000000100000000)
  eden space 27648K, 99% used [0x00000000f5580000,0x00000000f707fff0,0x00000000f7080000)
  from space 10240K, 0% used [0x00000000f7f80000,0x00000000f7f80000,0x00000000f8980000)
  to   space 11776K, 0% used [0x00000000f7080000,0x00000000f7080000,0x00000000f7c00000)
 ParOldGen       total 349696K, used 349694K [0x00000000e0000000, 0x00000000f5580000, 0x00000000f5580000)
  object space 349696K, 99% used [0x00000000e0000000,0x00000000f557f820,0x00000000f5580000)
 Metaspace       used 52219K, committed 53248K, reserved 1097728K
  class space    used 5176K, committed 5632K, reserved 1048576K
GC Heap History (20 events):
Event: 1017.359 GC heap before
{Heap before GC invocations=751 (full 618):
 PSYoungGen      total 37888K, used 27647K [0x00000000f5580000, 0x00000000f8980000, 0x0000000100000000)
  eden space 27648K, 99% used [0x00000000f5580000,0x00000000f707fff0,0x00000000f7080000)
  from space 10240K, 0% used [0x00000000f7f80000,0x00000000f7f80000,0x00000000f8980000)
  to   space 11776K, 0% used [0x00000000f7080000,0x00000000f7080000,0x00000000f7c00000)
 ParOldGen       total 349696K, used 349695K [0x00000000e0000000, 0x00000000f5580000, 0x00000000f5580000)
  object space 349696K, 99% used [0x00000000e0000000,0x00000000f557fd80,0x00000000f5580000)
 Metaspace       used 52219K, committed 53248K, reserved 1097728K
  class space    used 5176K, committed 5632K, reserved 1048576K
}
Event: 1018.770 GC heap after
{Heap after GC invocations=751 (full 618):
 PSYoungGen      total 39424K, used 27647K [0x00000000f5580000, 0x00000000f8980000, 0x0000000100000000)
  eden space 27648K, 99% used [0x00000000f5580000,0x00000000f707ffd0,0x00000000f7080000)
  from space 11776K, 0% used [0x00000000f7080000,0x00000000f7080000,0x00000000f7c00000)
  to   space 10240K, 0% used [0x00000000f7f80000,0x00000000f7f80000,0x00000000f8980000)
 ParOldGen       total 349696K, used 349695K [0x00000000e0000000, 0x00000000f5580000, 0x00000000f5580000)
  object space 349696K, 99% used [0x00000000e0000000,0x00000000f557fd80,0x00000000f5580000)
 Metaspace       used 52219K, committed 53248K, reserved 1097728K
  class space    used 5176K, committed 5632K, reserved 1048576K
}
Event: 1018.770 GC heap before
{Heap before GC invocations=752 (full 619):
 PSYoungGen      total 39424K, used 27647K [0x00000000f5580000, 0x00000000f8980000, 0x0000000100000000)
  eden space 27648K, 99% used [0x00000000f5580000,0x00000000f707fff0,0x00000000f7080000)
  from space 11776K, 0% used [0x00000000f7080000,0x00000000f7080000,0x00000000f7c00000)
  to   space 10240K, 0% used [0x00000000f7f80000,0x00000000f7f80000,0x00000000f8980000)
 ParOldGen       total 349696K, used 349695K [0x00000000e0000000, 0x00000000f5580000, 0x00000000f5580000)
  object space 349696K, 99% used [0x00000000e0000000,0x00000000f557fd80,0x00000000f5580000)
 Metaspace       used 52219K, committed 53248K, reserved 1097728K
  class space    used 5176K, committed 5632K, reserved 1048576K
}
Event: 1020.293 GC heap after
{Heap after GC invocations=752 (full 619):
 PSYoungGen      total 37888K, used 27647K [0x00000000f5580000, 0x00000000f8980000, 0x0000000100000000)
  eden space 27648K, 99% used [0x00000000f5580000,0x00000000f707ffb8,0x00000000f7080000)
  from space 10240K, 0% used [0x00000000f7f80000,0x00000000f7f80000,0x00000000f8980000)
  to   space 11776K, 0% used [0x00000000f7080000,0x00000000f7080000,0x00000000f7c00000)
 ParOldGen       total 349696K, used 349695K [0x00000000e0000000, 0x00000000f5580000, 0x00000000f5580000)
  object space 349696K, 99% used [0x00000000e0000000,0x00000000f557fd60,0x00000000f5580000)
 Metaspace       used 52219K, committed 53248K, reserved 1097728K
  class space    used 5176K, committed 5632K, reserved 1048576K
}
Event: 1020.334 GC heap before
{Heap before GC invocations=753 (full 620):
 PSYoungGen      total 37888K, used 27648K [0x00000000f5580000, 0x00000000f8980000, 0x0000000100000000)
  eden space 27648K, 100% used [0x00000000f5580000,0x00000000f7080000,0x00000000f7080000)
  from space 10240K, 0% used [0x00000000f7f80000,0x00000000f7f80000,0x00000000f8980000)
  to   space 11776K, 0% used [0x00000000f7080000,0x00000000f7080000,0x00000000f7c00000)
 ParOldGen       total 349696K, used 349695K [0x00000000e0000000, 0x00000000f5580000, 0x00000000f5580000)
  object space 349696K, 99% used [0x00000000e0000000,0x00000000f557fd60,0x00000000f5580000)
 Metaspace       used 52219K, committed 53248K, reserved 1097728K
  class space    used 5176K, committed 5632K, reserved 1048576K
}
Event: 1021.844 GC heap after
{Heap after GC invocations=753 (full 620):
 PSYoungGen      total 39424K, used 27648K [0x00000000f5580000, 0x00000000f8980000, 0x0000000100000000)
  eden space 27648K, 100% used [0x00000000f5580000,0x00000000f7080000,0x00000000f7080000)
  from space 11776K, 0% used [0x00000000f7080000,0x00000000f7080000,0x00000000f7c00000)
  to   space 10240K, 0% used [0x00000000f7f80000,0x00000000f7f80000,0x00000000f8980000)
 ParOldGen       total 349696K, used 349695K [0x00000000e0000000, 0x00000000f5580000, 0x00000000f5580000)
  object space 349696K, 99% used [0x00000000e0000000,0x00000000f557fd60,0x00000000f5580000)
 Metaspace       used 52219K, committed 53248K, reserved 1097728K
  class space    used 5176K, committed 5632K, reserved 1048576K
}
Event: 1021.846 GC heap before
{Heap before GC invocations=754 (full 621):
 PSYoungGen      total 39424K, used 27648K [0x00000000f5580000, 0x00000000f8980000, 0x0000000100000000)
  eden space 27648K, 100% used [0x00000000f5580000,0x00000000f7080000,0x00000000f7080000)
  from space 11776K, 0% used [0x00000000f7080000,0x00000000f7080000,0x00000000f7c00000)
  to   space 10240K, 0% used [0x00000000f7f80000,0x00000000f7f80000,0x00000000f8980000)
 ParOldGen       total 349696K, used 349695K [0x00000000e0000000, 0x00000000f5580000, 0x00000000f5580000)
  object space 349696K, 99% used [0x00000000e0000000,0x00000000f557ff80,0x00000000f5580000)
 Metaspace       used 52219K, committed 53248K, reserved 1097728K
  class space    used 5176K, committed 5632K, reserved 1048576K
}
Event: 1023.392 GC heap after
{Heap after GC invocations=754 (full 621):
 PSYoungGen      total 37888K, used 27647K [0x00000000f5580000, 0x00000000f8980000, 0x0000000100000000)
  eden space 27648K, 99% used [0x00000000f5580000,0x00000000f707ffe0,0x00000000f7080000)
  from space 10240K, 0% used [0x00000000f7f80000,0x00000000f7f80000,0x00000000f8980000)
  to   space 11776K, 0% used [0x00000000f7080000,0x00000000f7080000,0x00000000f7c00000)
 ParOldGen       total 349696K, used 349695K [0x00000000e0000000, 0x00000000f5580000, 0x00000000f5580000)
  object space 349696K, 99% used [0x00000000e0000000,0x00000000f557fdc8,0x00000000f5580000)
 Metaspace       used 52219K, committed 53248K, reserved 1097728K
  class space    used 5176K, committed 5632K, reserved 1048576K
}
Event: 1023.392 GC heap before
{Heap before GC invocations=755 (full 622):
 PSYoungGen      total 37888K, used 27647K [0x00000000f5580000, 0x00000000f8980000, 0x0000000100000000)
  eden space 27648K, 99% used [0x00000000f5580000,0x00000000f707fff8,0x00000000f7080000)
  from space 10240K, 0% used [0x00000000f7f80000,0x00000000f7f80000,0x00000000f8980000)
  to   space 11776K, 0% used [0x00000000f7080000,0x00000000f7080000,0x00000000f7c00000)
 ParOldGen       total 349696K, used 349695K [0x00000000e0000000, 0x00000000f5580000, 0x00000000f5580000)
  object space 349696K, 99% used [0x00000000e0000000,0x00000000f557fff8,0x00000000f5580000)
 Metaspace       used 52219K, committed 53248K, reserved 1097728K
  class space    used 5176K, committed 5632K, reserved 1048576K
}
Event: 1024.970 GC heap after
{Heap after GC invocations=755 (full 622):
 PSYoungGen      total 39424K, used 27647K [0x00000000f5580000, 0x00000000f8980000, 0x0000000100000000)
  eden space 27648K, 99% used [0x00000000f5580000,0x00000000f707ffc8,0x00000000f7080000)
  from space 11776K, 0% used [0x00000000f7080000,0x00000000f7080000,0x00000000f7c00000)
  to   space 10240K, 0% used [0x00000000f7f80000,0x00000000f7f80000,0x00000000f8980000)
 ParOldGen       total 349696K, used 349695K [0x00000000e0000000, 0x00000000f5580000, 0x00000000f5580000)
  object space 349696K, 99% used [0x00000000e0000000,0x00000000f557ff08,0x00000000f5580000)
 Metaspace       used 52219K, committed 53248K, reserved 1097728K
  class space    used 5176K, committed 5632K, reserved 1048576K
}
Event: 1024.971 GC heap before
{Heap before GC invocations=756 (full 623):
 PSYoungGen      total 39424K, used 27647K [0x00000000f5580000, 0x00000000f8980000, 0x0000000100000000)
  eden space 27648K, 99% used [0x00000000f5580000,0x00000000f707fff8,0x00000000f7080000)
  from space 11776K, 0% used [0x00000000f7080000,0x00000000f7080000,0x00000000f7c00000)
  to   space 10240K, 0% used [0x00000000f7f80000,0x00000000f7f80000,0x00000000f8980000)
 ParOldGen       total 349696K, used 349695K [0x00000000e0000000, 0x00000000f5580000, 0x00000000f5580000)
  object space 349696K, 99% used [0x00000000e0000000,0x00000000f557ff08,0x00000000f5580000)
 Metaspace       used 52219K, committed 53248K, reserved 1097728K
  class space    used 5176K, committed 5632K, reserved 1048576K
}
Event: 1026.472 GC heap after
{Heap after GC invocations=756 (full 623):
 PSYoungGen      total 37888K, used 27647K [0x00000000f5580000, 0x00000000f8980000, 0x0000000100000000)
  eden space 27648K, 99% used [0x00000000f5580000,0x00000000f707fff8,0x00000000f7080000)
  from space 10240K, 0% used [0x00000000f7f80000,0x00000000f7f80000,0x00000000f8980000)
  to   space 11776K, 0% used [0x00000000f7080000,0x00000000f7080000,0x00000000f7c00000)
 ParOldGen       total 349696K, used 349695K [0x00000000e0000000, 0x00000000f5580000, 0x00000000f5580000)
  object space 349696K, 99% used [0x00000000e0000000,0x00000000f557fee8,0x00000000f5580000)
 Metaspace       used 52219K, committed 53248K, reserved 1097728K
  class space    used 5176K, committed 5632K, reserved 1048576K
}
Event: 1026.472 GC heap before
{Heap before GC invocations=757 (full 624):
 PSYoungGen      total 37888K, used 27647K [0x00000000f5580000, 0x00000000f8980000, 0x0000000100000000)
  eden space 27648K, 99% used [0x00000000f5580000,0x00000000f707fff8,0x00000000f7080000)
  from space 10240K, 0% used [0x00000000f7f80000,0x00000000f7f80000,0x00000000f8980000)
  to   space 11776K, 0% used [0x00000000f7080000,0x00000000f7080000,0x00000000f7c00000)
 ParOldGen       total 349696K, used 349695K [0x00000000e0000000, 0x00000000f5580000, 0x00000000f5580000)
  object space 349696K, 99% used [0x00000000e0000000,0x00000000f557ffd8,0x00000000f5580000)
 Metaspace       used 52219K, committed 53248K, reserved 1097728K
  class space    used 5176K, committed 5632K, reserved 1048576K
}
Event: 1028.062 GC heap after
{Heap after GC invocations=757 (full 624):
 PSYoungGen      total 39424K, used 27647K [0x00000000f5580000, 0x00000000f8980000, 0x0000000100000000)
  eden space 27648K, 99% used [0x00000000f5580000,0x00000000f707ff88,0x00000000f7080000)
  from space 11776K, 0% used [0x00000000f7080000,0x00000000f7080000,0x00000000f7c00000)
  to   space 10240K, 0% used [0x00000000f7f80000,0x00000000f7f80000,0x00000000f8980000)
 ParOldGen       total 349696K, used 349695K [0x00000000e0000000, 0x00000000f5580000, 0x00000000f5580000)
  object space 349696K, 99% used [0x00000000e0000000,0x00000000f557fe98,0x00000000f5580000)
 Metaspace       used 52219K, committed 53248K, reserved 1097728K
  class space    used 5176K, committed 5632K, reserved 1048576K
}
Event: 1028.063 GC heap before
{Heap before GC invocations=758 (full 625):
 PSYoungGen      total 39424K, used 27648K [0x00000000f5580000, 0x00000000f8980000, 0x0000000100000000)
  eden space 27648K, 100% used [0x00000000f5580000,0x00000000f7080000,0x00000000f7080000)
  from space 11776K, 0% used [0x00000000f7080000,0x00000000f7080000,0x00000000f7c00000)
  to   space 10240K, 0% used [0x00000000f7f80000,0x00000000f7f80000,0x00000000f8980000)
 ParOldGen       total 349696K, used 349695K [0x00000000e0000000, 0x00000000f5580000, 0x00000000f5580000)
  object space 349696K, 99% used [0x00000000e0000000,0x00000000f557fe98,0x00000000f5580000)
 Metaspace       used 52219K, committed 53248K, reserved 1097728K
  class space    used 5176K, committed 5632K, reserved 1048576K
}
Event: 1029.682 GC heap after
{Heap after GC invocations=758 (full 625):
 PSYoungGen      total 37888K, used 27648K [0x00000000f5580000, 0x00000000f8980000, 0x0000000100000000)
  eden space 27648K, 100% used [0x00000000f5580000,0x00000000f7080000,0x00000000f7080000)
  from space 10240K, 0% used [0x00000000f7f80000,0x00000000f7f80000,0x00000000f8980000)
  to   space 11776K, 0% used [0x00000000f7080000,0x00000000f7080000,0x00000000f7c00000)
 ParOldGen       total 349696K, used 349693K [0x00000000e0000000, 0x00000000f5580000, 0x00000000f5580000)
  object space 349696K, 99% used [0x00000000e0000000,0x00000000f557f750,0x00000000f5580000)
 Metaspace       used 52219K, committed 53248K, reserved 1097728K
  class space    used 5176K, committed 5632K, reserved 1048576K
}
Event: 1029.687 GC heap before
{Heap before GC invocations=759 (full 626):
 PSYoungGen      total 37888K, used 27648K [0x00000000f5580000, 0x00000000f8980000, 0x0000000100000000)
  eden space 27648K, 100% used [0x00000000f5580000,0x00000000f7080000,0x00000000f7080000)
  from space 10240K, 0% used [0x00000000f7f80000,0x00000000f7f80000,0x00000000f8980000)
  to   space 11776K, 0% used [0x00000000f7080000,0x00000000f7080000,0x00000000f7c00000)
 ParOldGen       total 349696K, used 349694K [0x00000000e0000000, 0x00000000f5580000, 0x00000000f5580000)
  object space 349696K, 99% used [0x00000000e0000000,0x00000000f557faf8,0x00000000f5580000)
 Metaspace       used 52219K, committed 53248K, reserved 1097728K
  class space    used 5176K, committed 5632K, reserved 1048576K
}
Event: 1031.276 GC heap after
{Heap after GC invocations=759 (full 626):
 PSYoungGen      total 39424K, used 27647K [0x00000000f5580000, 0x00000000f8980000, 0x0000000100000000)
  eden space 27648K, 99% used [0x00000000f5580000,0x00000000f707ff18,0x00000000f7080000)
  from space 11776K, 0% used [0x00000000f7080000,0x00000000f7080000,0x00000000f7c00000)
  to   space 10240K, 0% used [0x00000000f7f80000,0x00000000f7f80000,0x00000000f8980000)
 ParOldGen       total 349696K, used 349693K [0x00000000e0000000, 0x00000000f5580000, 0x00000000f5580000)
  object space 349696K, 99% used [0x00000000e0000000,0x00000000f557f5e0,0x00000000f5580000)
 Metaspace       used 52219K, committed 53248K, reserved 1097728K
  class space    used 5176K, committed 5632K, reserved 1048576K
}
Event: 1031.277 GC heap before
{Heap before GC invocations=760 (full 627):
 PSYoungGen      total 39424K, used 27647K [0x00000000f5580000, 0x00000000f8980000, 0x0000000100000000)
  eden space 27648K, 99% used [0x00000000f5580000,0x00000000f707ff18,0x00000000f7080000)
  from space 11776K, 0% used [0x00000000f7080000,0x00000000f7080000,0x00000000f7c00000)
  to   space 10240K, 0% used [0x00000000f7f80000,0x00000000f7f80000,0x00000000f8980000)
 ParOldGen       total 349696K, used 349693K [0x00000000e0000000, 0x00000000f5580000, 0x00000000f5580000)
  object space 349696K, 99% used [0x00000000e0000000,0x00000000f557f5e0,0x00000000f5580000)
 Metaspace       used 52219K, committed 53248K, reserved 1097728K
  class space    used 5176K, committed 5632K, reserved 1048576K
}
Event: 1032.861 GC heap after
{Heap after GC invocations=760 (full 627):
 PSYoungGen      total 37888K, used 27647K [0x00000000f5580000, 0x00000000f8980000, 0x0000000100000000)
  eden space 27648K, 99% used [0x00000000f5580000,0x00000000f707ff18,0x00000000f7080000)
  from space 10240K, 0% used [0x00000000f7f80000,0x00000000f7f80000,0x00000000f8980000)
  to   space 11776K, 0% used [0x00000000f7080000,0x00000000f7080000,0x00000000f7c00000)
 ParOldGen       total 349696K, used 349693K [0x00000000e0000000, 0x00000000f5580000, 0x00000000f5580000)
  object space 349696K, 99% used [0x00000000e0000000,0x00000000f557f5e0,0x00000000f5580000)
 Metaspace       used 52219K, committed 53248K, reserved 1097728K
  class space    used 5176K, committed 5632K, reserved 1048576K
}

